  Obj.cpp
C:\Users\Alejandro\Desktop\Proyectos\Uni\Graficas 2\Proyecto\basicDemo\class\Obj.cpp(18,23): warning C4018:  '<': no coinciden signed/unsigned
C:\Users\Alejandro\Desktop\Proyectos\Uni\Graficas 2\Proyecto\basicDemo\class\Obj.cpp(24,20): warning C4018:  '<': no coinciden signed/unsigned
C:\Users\Alejandro\Desktop\Proyectos\Uni\Graficas 2\Proyecto\basicDemo\class\Obj.cpp(30,20): warning C4018:  '<': no coinciden signed/unsigned
C:\Users\Alejandro\Desktop\Proyectos\Uni\Graficas 2\Proyecto\basicDemo\class\Obj.cpp(36,22): warning C4244:  '=': conversión de 'int' a 'T'; posible pérdida de datos
C:\Users\Alejandro\Desktop\Proyectos\Uni\Graficas 2\Proyecto\basicDemo\class\Obj.cpp(36,22): warning C4244:         with
C:\Users\Alejandro\Desktop\Proyectos\Uni\Graficas 2\Proyecto\basicDemo\class\Obj.cpp(36,22): warning C4244:         [
C:\Users\Alejandro\Desktop\Proyectos\Uni\Graficas 2\Proyecto\basicDemo\class\Obj.cpp(36,22): warning C4244:             T=float
C:\Users\Alejandro\Desktop\Proyectos\Uni\Graficas 2\Proyecto\basicDemo\class\Obj.cpp(36,22): warning C4244:         ]
C:\Users\Alejandro\Desktop\Proyectos\Uni\Graficas 2\Proyecto\basicDemo\class\Obj.cpp(37,22): warning C4244:  '=': conversión de 'int' a 'T'; posible pérdida de datos
C:\Users\Alejandro\Desktop\Proyectos\Uni\Graficas 2\Proyecto\basicDemo\class\Obj.cpp(37,22): warning C4244:         with
C:\Users\Alejandro\Desktop\Proyectos\Uni\Graficas 2\Proyecto\basicDemo\class\Obj.cpp(37,22): warning C4244:         [
C:\Users\Alejandro\Desktop\Proyectos\Uni\Graficas 2\Proyecto\basicDemo\class\Obj.cpp(37,22): warning C4244:             T=float
C:\Users\Alejandro\Desktop\Proyectos\Uni\Graficas 2\Proyecto\basicDemo\class\Obj.cpp(37,22): warning C4244:         ]
  loader_obj.cpp
C:\Users\Alejandro\Desktop\Proyectos\Uni\Graficas 2\Proyecto\basicDemo\class\Obj.cpp(38,22): warning C4244:  '=': conversión de 'int' a 'T'; posible pérdida de datos
C:\Users\Alejandro\Desktop\Proyectos\Uni\Graficas 2\Proyecto\basicDemo\class\Obj.cpp(38,22): warning C4244:         with
C:\Users\Alejandro\Desktop\Proyectos\Uni\Graficas 2\Proyecto\basicDemo\class\Obj.cpp(38,22): warning C4244:         [
C:\Users\Alejandro\Desktop\Proyectos\Uni\Graficas 2\Proyecto\basicDemo\class\Obj.cpp(38,22): warning C4244:             T=float
C:\Users\Alejandro\Desktop\Proyectos\Uni\Graficas 2\Proyecto\basicDemo\class\Obj.cpp(38,22): warning C4244:         ]
C:\Users\Alejandro\Desktop\Proyectos\Uni\Graficas 2\Proyecto\basicDemo\components\loader_obj.cpp(86,22): warning C4473:  "fscanf_s": no se pasaron suficientes argumentos para la cadena de formato
C:\Users\Alejandro\Desktop\Proyectos\Uni\Graficas 2\Proyecto\basicDemo\components\loader_obj.cpp(86,22): message :  los marcadores de posición y sus parámetros esperan 2 argumentos variádicos, pero se proporcionaron 1
C:\Users\Alejandro\Desktop\Proyectos\Uni\Graficas 2\Proyecto\basicDemo\components\loader_obj.cpp(86,22): message :  el argumento variádico 2 que falta es requerido por la cadena de formato '%s'
C:\Users\Alejandro\Desktop\Proyectos\Uni\Graficas 2\Proyecto\basicDemo\components\loader_obj.cpp(86,22): message :  este argumento se utiliza como un tamaño de búfer
  main.cpp
C:\Users\Alejandro\Desktop\Proyectos\Uni\Graficas 2\Proyecto\basicDemo\components\loader_obj.cpp(67,24): warning C4101:  'modelId': variable local sin referencia
C:\Users\Alejandro\Desktop\Proyectos\Uni\Graficas 2\Proyecto\basicDemo\main.cpp(283,23): warning C4018:  '<': no coinciden signed/unsigned
  Generando código
  16 of 526 functions ( 3.0%) were compiled, the rest were copied from previous compilation.
    0 functions were new in current compilation
    22 functions had inline decision re-evaluated but remain unchanged
  Generación de código finalizada
  basicDemo.vcxproj -> C:\Users\Alejandro\Desktop\Proyectos\Uni\Graficas 2\Proyecto\Release\basicDemo.exe
